<?xml version="1.0" encoding="utf-8"?>
<coverage line-rate="0.5462" branch-rate="0.5733" version="1.9" timestamp="1738824880" lines-covered="378" lines-valid="692" branches-covered="125" branches-valid="218">
  <sources>
    <source>E:\ExamProjects\AwesomeBank\</source>
  </sources>
  <packages>
    <package name="AwesomeBank.API" line-rate="0.612" branch-rate="0.4711" complexity="162">
      <classes>
        <class name="Program" filename="AwesomeBank.API\Program.cs" line-rate="0" branch-rate="0" complexity="2">
          <methods>
            <method name="&lt;Main&gt;$" signature="(System.String[])" line-rate="0" branch-rate="0" complexity="2">
              <lines>
                <line number="3" hits="0" branch="False" />
                <line number="6" hits="0" branch="False" />
                <line number="7" hits="0" branch="False" />
                <line number="8" hits="0" branch="False" />
                <line number="9" hits="0" branch="False" />
                <line number="12" hits="0" branch="False" />
                <line number="13" hits="0" branch="False" />
                <line number="16" hits="0" branch="False" />
                <line number="17" hits="0" branch="False" />
                <line number="18" hits="0" branch="False" />
                <line number="19" hits="0" branch="False" />
                <line number="21" hits="0" branch="False" />
                <line number="22" hits="0" branch="False" />
                <line number="23" hits="0" branch="False" />
                <line number="25" hits="0" branch="False" />
                <line number="28" hits="0" branch="True" condition-coverage="0% (0/2)">
                  <conditions>
                    <condition number="277" type="jump" coverage="0%" />
                  </conditions>
                </line>
                <line number="30" hits="0" branch="False" />
                <line number="31" hits="0" branch="False" />
                <line number="32" hits="0" branch="False" />
                <line number="36" hits="0" branch="False" />
                <line number="39" hits="0" branch="False" />
                <line number="41" hits="0" branch="False" />
                <line number="43" hits="0" branch="False" />
                <line number="45" hits="0" branch="False" />
              </lines>
            </method>
          </methods>
          <lines>
            <line number="3" hits="0" branch="False" />
            <line number="6" hits="0" branch="False" />
            <line number="7" hits="0" branch="False" />
            <line number="8" hits="0" branch="False" />
            <line number="9" hits="0" branch="False" />
            <line number="12" hits="0" branch="False" />
            <line number="13" hits="0" branch="False" />
            <line number="16" hits="0" branch="False" />
            <line number="17" hits="0" branch="False" />
            <line number="18" hits="0" branch="False" />
            <line number="19" hits="0" branch="False" />
            <line number="21" hits="0" branch="False" />
            <line number="22" hits="0" branch="False" />
            <line number="23" hits="0" branch="False" />
            <line number="25" hits="0" branch="False" />
            <line number="28" hits="0" branch="True" condition-coverage="0% (0/2)">
              <conditions>
                <condition number="277" type="jump" coverage="0%" />
              </conditions>
            </line>
            <line number="30" hits="0" branch="False" />
            <line number="31" hits="0" branch="False" />
            <line number="32" hits="0" branch="False" />
            <line number="36" hits="0" branch="False" />
            <line number="39" hits="0" branch="False" />
            <line number="41" hits="0" branch="False" />
            <line number="43" hits="0" branch="False" />
            <line number="45" hits="0" branch="False" />
          </lines>
        </class>
        <class name="AwesomeBank.API.Extentions.ExceptionHandler" filename="AwesomeBank.API\Extentions\ExceptionHandler.cs" line-rate="0" branch-rate="1" complexity="1">
          <methods>
            <method name=".ctor" signature="(Microsoft.AspNetCore.Http.RequestDelegate,Serilog.ILogger)" line-rate="0" branch-rate="1" complexity="1">
              <lines>
                <line number="5" hits="0" branch="False" />
                <line number="7" hits="0" branch="False" />
                <line number="8" hits="0" branch="False" />
              </lines>
            </method>
          </methods>
          <lines>
            <line number="5" hits="0" branch="False" />
            <line number="7" hits="0" branch="False" />
            <line number="8" hits="0" branch="False" />
          </lines>
        </class>
        <class name="AwesomeBank.API.Extentions.ExceptionHandler/&lt;Invoke&gt;d__3" filename="AwesomeBank.API\Extentions\ExceptionHandler.cs" line-rate="0" branch-rate="1" complexity="1">
          <methods>
            <method name="MoveNext" signature="()" line-rate="0" branch-rate="1" complexity="1">
              <lines>
                <line number="14" hits="0" branch="False" />
                <line number="15" hits="0" branch="False" />
                <line number="16" hits="0" branch="False" />
                <line number="18" hits="0" branch="False" />
                <line number="20" hits="0" branch="False" />
                <line number="21" hits="0" branch="False" />
                <line number="23" hits="0" branch="False" />
                <line number="24" hits="0" branch="False" />
                <line number="26" hits="0" branch="False" />
              </lines>
            </method>
          </methods>
          <lines>
            <line number="14" hits="0" branch="False" />
            <line number="15" hits="0" branch="False" />
            <line number="16" hits="0" branch="False" />
            <line number="18" hits="0" branch="False" />
            <line number="20" hits="0" branch="False" />
            <line number="21" hits="0" branch="False" />
            <line number="23" hits="0" branch="False" />
            <line number="24" hits="0" branch="False" />
            <line number="26" hits="0" branch="False" />
          </lines>
        </class>
        <class name="AwesomeBank.API.Extentions.ExceptionHandlingExtension" filename="AwesomeBank.API\Extentions\ExceptionHandlingExtension.cs" line-rate="0" branch-rate="1" complexity="1">
          <methods>
            <method name="UseGlobalExceptionHandler" signature="(Microsoft.AspNetCore.Builder.IApplicationBuilder)" line-rate="0" branch-rate="1" complexity="1">
              <lines>
                <line number="7" hits="0" branch="False" />
              </lines>
            </method>
          </methods>
          <lines>
            <line number="7" hits="0" branch="False" />
          </lines>
        </class>
        <class name="AwesomeBank.API.Extentions.InfrastructureExtention" filename="AwesomeBank.API\Extentions\InfrastructureExtention.cs" line-rate="0" branch-rate="1" complexity="1">
          <methods>
            <method name="AddInfrastructure" signature="(Microsoft.Extensions.DependencyInjection.IServiceCollection)" line-rate="0" branch-rate="1" complexity="1">
              <lines>
                <line number="11" hits="0" branch="False" />
                <line number="13" hits="0" branch="False" />
                <line number="14" hits="0" branch="False" />
                <line number="15" hits="0" branch="False" />
                <line number="16" hits="0" branch="False" />
                <line number="17" hits="0" branch="False" />
              </lines>
            </method>
          </methods>
          <lines>
            <line number="11" hits="0" branch="False" />
            <line number="13" hits="0" branch="False" />
            <line number="14" hits="0" branch="False" />
            <line number="15" hits="0" branch="False" />
            <line number="16" hits="0" branch="False" />
            <line number="17" hits="0" branch="False" />
          </lines>
        </class>
        <class name="AwesomeBank.API.Controllers.AccountController" filename="AwesomeBank.API\Controllers\AccountController.cs" line-rate="0" branch-rate="1" complexity="3">
          <methods>
            <method name="GetTransactions" signature="(System.String,System.String,System.String)" line-rate="0" branch-rate="1" complexity="1">
              <lines>
                <line number="28" hits="0" branch="False" />
              </lines>
            </method>
            <method name="GetStatement" signature="(AwesomeBank.API.Application.Models.Requests.StatementRequest)" line-rate="0" branch-rate="1" complexity="1">
              <lines>
                <line number="34" hits="0" branch="False" />
                <line number="36" hits="0" branch="False" />
              </lines>
            </method>
            <method name=".ctor" signature="(MediatR.IMediator,Microsoft.Extensions.Logging.ILogger`1&lt;AwesomeBank.API.Controllers.AccountController&gt;,AwesomeBank.API.Application.Queries.IAccountQueries,AwesomeBank.API.Application.Services.IStatementService)" line-rate="0" branch-rate="1" complexity="1">
              <lines>
                <line number="9" hits="0" branch="False" />
                <line number="11" hits="0" branch="False" />
                <line number="12" hits="0" branch="False" />
                <line number="13" hits="0" branch="False" />
                <line number="14" hits="0" branch="False" />
              </lines>
            </method>
          </methods>
          <lines>
            <line number="28" hits="0" branch="False" />
            <line number="34" hits="0" branch="False" />
            <line number="36" hits="0" branch="False" />
            <line number="9" hits="0" branch="False" />
            <line number="11" hits="0" branch="False" />
            <line number="12" hits="0" branch="False" />
            <line number="13" hits="0" branch="False" />
            <line number="14" hits="0" branch="False" />
          </lines>
        </class>
        <class name="AwesomeBank.API.Controllers.AccountController/&lt;AddTransaction&gt;d__5" filename="AwesomeBank.API\Controllers\AccountController.cs" line-rate="0" branch-rate="1" complexity="1">
          <methods>
            <method name="MoveNext" signature="()" line-rate="0" branch-rate="1" complexity="1">
              <lines>
                <line number="19" hits="0" branch="False" />
                <line number="21" hits="0" branch="False" />
                <line number="22" hits="0" branch="False" />
                <line number="23" hits="0" branch="False" />
              </lines>
            </method>
          </methods>
          <lines>
            <line number="19" hits="0" branch="False" />
            <line number="21" hits="0" branch="False" />
            <line number="22" hits="0" branch="False" />
            <line number="23" hits="0" branch="False" />
          </lines>
        </class>
        <class name="AwesomeBank.API.Controllers.InterestRuleController" filename="AwesomeBank.API\Controllers\InterestRuleController.cs" line-rate="0" branch-rate="1" complexity="1">
          <methods>
            <method name=".ctor" signature="(MediatR.IMediator,Microsoft.Extensions.Logging.ILogger`1&lt;AwesomeBank.API.Controllers.InterestRuleController&gt;)" line-rate="0" branch-rate="1" complexity="1">
              <lines>
                <line number="5" hits="0" branch="False" />
                <line number="7" hits="0" branch="False" />
                <line number="8" hits="0" branch="False" />
              </lines>
            </method>
          </methods>
          <lines>
            <line number="5" hits="0" branch="False" />
            <line number="7" hits="0" branch="False" />
            <line number="8" hits="0" branch="False" />
          </lines>
        </class>
        <class name="AwesomeBank.API.Controllers.InterestRuleController/&lt;Add&gt;d__3" filename="AwesomeBank.API\Controllers\InterestRuleController.cs" line-rate="0" branch-rate="1" complexity="1">
          <methods>
            <method name="MoveNext" signature="()" line-rate="0" branch-rate="1" complexity="1">
              <lines>
                <line number="13" hits="0" branch="False" />
                <line number="15" hits="0" branch="False" />
                <line number="16" hits="0" branch="False" />
                <line number="17" hits="0" branch="False" />
              </lines>
            </method>
          </methods>
          <lines>
            <line number="13" hits="0" branch="False" />
            <line number="15" hits="0" branch="False" />
            <line number="16" hits="0" branch="False" />
            <line number="17" hits="0" branch="False" />
          </lines>
        </class>
        <class name="AwesomeBank.API.Application.Validations.AddInterestRuleCommandValidator" filename="AwesomeBank.API\Application\Validations\AddInterestRuleCommandValidator.cs" line-rate="1" branch-rate="1" complexity="1">
          <methods>
            <method name=".ctor" signature="()" line-rate="1" branch-rate="1" complexity="1">
              <lines>
                <line number="5" hits="2" branch="False" />
                <line number="7" hits="2" branch="False" />
                <line number="8" hits="2" branch="False" />
                <line number="9" hits="2" branch="False" />
                <line number="10" hits="2" branch="False" />
                <line number="11" hits="2" branch="False" />
                <line number="12" hits="2" branch="False" />
                <line number="13" hits="2" branch="False" />
                <line number="14" hits="2" branch="False" />
                <line number="15" hits="2" branch="False" />
              </lines>
            </method>
          </methods>
          <lines>
            <line number="5" hits="2" branch="False" />
            <line number="7" hits="2" branch="False" />
            <line number="8" hits="2" branch="False" />
            <line number="9" hits="2" branch="False" />
            <line number="10" hits="2" branch="False" />
            <line number="11" hits="2" branch="False" />
            <line number="12" hits="2" branch="False" />
            <line number="13" hits="2" branch="False" />
            <line number="14" hits="2" branch="False" />
            <line number="15" hits="2" branch="False" />
          </lines>
        </class>
        <class name="AwesomeBank.API.Application.Validations.AddTransactionCommandValidator" filename="AwesomeBank.API\Application\Validations\AddTransactionCommandValidator.cs" line-rate="1" branch-rate="0" complexity="2">
          <methods>
            <method name=".ctor" signature="()" line-rate="1" branch-rate="0" complexity="2">
              <lines>
                <line number="5" hits="1" branch="False" />
                <line number="7" hits="1" branch="False" />
                <line number="8" hits="1" branch="False" />
                <line number="9" hits="1" branch="False" />
                <line number="10" hits="1" branch="False" />
                <line number="11" hits="1" branch="False" />
                <line number="12" hits="1" branch="False" />
                <line number="13" hits="1" branch="False" />
                <line number="14" hits="1" branch="False" />
                <line number="15" hits="1" branch="False" />
                <line number="16" hits="1" branch="True" condition-coverage="0% (0/2)">
                  <conditions>
                    <condition number="11" type="jump" coverage="0%" />
                  </conditions>
                </line>
                <line number="17" hits="1" branch="False" />
                <line number="18" hits="1" branch="False" />
                <line number="19" hits="1" branch="False" />
              </lines>
            </method>
          </methods>
          <lines>
            <line number="5" hits="1" branch="False" />
            <line number="7" hits="1" branch="False" />
            <line number="8" hits="1" branch="False" />
            <line number="9" hits="1" branch="False" />
            <line number="10" hits="1" branch="False" />
            <line number="11" hits="1" branch="False" />
            <line number="12" hits="1" branch="False" />
            <line number="13" hits="1" branch="False" />
            <line number="14" hits="1" branch="False" />
            <line number="15" hits="1" branch="False" />
            <line number="16" hits="1" branch="True" condition-coverage="0% (0/2)">
              <conditions>
                <condition number="11" type="jump" coverage="0%" />
              </conditions>
            </line>
            <line number="17" hits="1" branch="False" />
            <line number="18" hits="1" branch="False" />
            <line number="19" hits="1" branch="False" />
          </lines>
        </class>
        <class name="AwesomeBank.API.Application.Validations.CommonValdations" filename="AwesomeBank.API\Application\Validations\CommonValdations.cs" line-rate="0.3333" branch-rate="0" complexity="4">
          <methods>
            <method name="IsValidDecimalPrecision" signature="(System.Decimal,System.Int32)" line-rate="0" branch-rate="1" complexity="1">
              <lines>
                <line number="8" hits="0" branch="False" />
              </lines>
            </method>
            <method name="IsValidNumber" signature="(System.String)" line-rate="1" branch-rate="1" complexity="1">
              <lines>
                <line number="14" hits="6" branch="False" />
              </lines>
            </method>
            <method name="IsValidDate" signature="(System.DateTime)" line-rate="0" branch-rate="0" complexity="2">
              <lines>
                <line number="20" hits="0" branch="True" condition-coverage="0% (0/2)">
                  <conditions>
                    <condition number="11" type="jump" coverage="0%" />
                  </conditions>
                </line>
              </lines>
            </method>
          </methods>
          <lines>
            <line number="8" hits="0" branch="False" />
            <line number="14" hits="6" branch="False" />
            <line number="20" hits="0" branch="True" condition-coverage="0% (0/2)">
              <conditions>
                <condition number="11" type="jump" coverage="0%" />
              </conditions>
            </line>
          </lines>
        </class>
        <class name="AwesomeBank.API.Application.Validations.StatementRequestValidator" filename="AwesomeBank.API\Application\Validations\StatementRequestValidator.cs" line-rate="1" branch-rate="1" complexity="1">
          <methods>
            <method name=".ctor" signature="()" line-rate="1" branch-rate="1" complexity="1">
              <lines>
                <line number="7" hits="4" branch="False" />
                <line number="9" hits="4" branch="False" />
                <line number="10" hits="4" branch="False" />
                <line number="11" hits="4" branch="False" />
                <line number="12" hits="4" branch="False" />
                <line number="13" hits="4" branch="False" />
                <line number="14" hits="4" branch="False" />
                <line number="15" hits="4" branch="False" />
                <line number="16" hits="4" branch="False" />
                <line number="17" hits="4" branch="False" />
                <line number="18" hits="4" branch="False" />
                <line number="19" hits="4" branch="False" />
              </lines>
            </method>
          </methods>
          <lines>
            <line number="7" hits="4" branch="False" />
            <line number="9" hits="4" branch="False" />
            <line number="10" hits="4" branch="False" />
            <line number="11" hits="4" branch="False" />
            <line number="12" hits="4" branch="False" />
            <line number="13" hits="4" branch="False" />
            <line number="14" hits="4" branch="False" />
            <line number="15" hits="4" branch="False" />
            <line number="16" hits="4" branch="False" />
            <line number="17" hits="4" branch="False" />
            <line number="18" hits="4" branch="False" />
            <line number="19" hits="4" branch="False" />
          </lines>
        </class>
        <class name="AwesomeBank.API.Application.Services.StatementService" filename="AwesomeBank.API\Application\Services\StatementService.cs" line-rate="0.6209" branch-rate="0.4189" complexity="75">
          <methods>
            <method name="GetStatement" signature="(AwesomeBank.API.Application.Models.Requests.StatementRequest)" line-rate="1" branch-rate="0.9166" complexity="12">
              <lines>
                <line number="15" hits="8" branch="False" />
                <line number="17" hits="8" branch="True" condition-coverage="100% (2/2)">
                  <conditions>
                    <condition number="25" type="jump" coverage="100%" />
                  </conditions>
                </line>
                <line number="19" hits="1" branch="False" />
                <line number="20" hits="1" branch="False" />
                <line number="23" hits="7" branch="False" />
                <line number="24" hits="7" branch="False" />
                <line number="27" hits="7" branch="False" />
                <line number="28" hits="7" branch="False" />
                <line number="31" hits="7" branch="False" />
                <line number="32" hits="22" branch="False" />
                <line number="33" hits="9" branch="True" condition-coverage="50% (1/2)">
                  <conditions>
                    <condition number="17" type="jump" coverage="50%" />
                  </conditions>
                </line>
                <line number="36" hits="7" branch="False" />
                <line number="39" hits="7" branch="False" />
                <line number="40" hits="22" branch="True" condition-coverage="100% (2/2)">
                  <conditions>
                    <condition number="17" type="jump" coverage="100%" />
                  </conditions>
                </line>
                <line number="41" hits="15" branch="False" />
                <line number="42" hits="7" branch="False" />
                <line number="44" hits="7" branch="False" />
                <line number="47" hits="44" branch="True" condition-coverage="100% (2/2)">
                  <conditions>
                    <condition number="435" type="jump" coverage="100%" />
                  </conditions>
                </line>
                <line number="49" hits="15" branch="False" />
                <line number="50" hits="15" branch="True" condition-coverage="100% (2/2)">
                  <conditions>
                    <condition number="356" type="jump" coverage="100%" />
                  </conditions>
                </line>
                <line number="51" hits="15" branch="False" />
                <line number="54" hits="7" branch="True" condition-coverage="100% (2/2)">
                  <conditions>
                    <condition number="468" type="jump" coverage="100%" />
                  </conditions>
                </line>
                <line number="56" hits="6" branch="False" />
                <line number="57" hits="6" branch="False" />
                <line number="60" hits="7" branch="False" />
              </lines>
            </method>
            <method name="CalculateInterest_Optimized" signature="(AwesomeBank.API.Application.Models.ViewModels.AccountViewModel,System.DateTime,System.DateTime,System.Decimal)" line-rate="0.9545" branch-rate="0.8571" complexity="14">
              <lines>
                <line number="65" hits="7" branch="False" />
                <line number="66" hits="7" branch="False" />
                <line number="68" hits="7" branch="False" />
                <line number="69" hits="20" branch="False" />
                <line number="70" hits="17" branch="False" />
                <line number="71" hits="17" branch="False" />
                <line number="72" hits="32" branch="False" />
                <line number="73" hits="7" branch="False" />
                <line number="75" hits="7" branch="True" condition-coverage="50% (1/2)">
                  <conditions>
                    <condition number="292" type="jump" coverage="50%" />
                  </conditions>
                </line>
                <line number="77" hits="0" branch="False" />
                <line number="78" hits="0" branch="False" />
                <line number="81" hits="7" branch="False" />
                <line number="83" hits="7" branch="False" />
                <line number="86" hits="7" branch="False" />
                <line number="87" hits="7" branch="False" />
                <line number="90" hits="7" branch="False" />
                <line number="91" hits="22" branch="True" condition-coverage="100% (2/2)">
                  <conditions>
                    <condition number="17" type="jump" coverage="100%" />
                  </conditions>
                </line>
                <line number="92" hits="15" branch="False" />
                <line number="93" hits="12" branch="False" />
                <line number="94" hits="12" branch="False" />
                <line number="95" hits="12" branch="False" />
                <line number="96" hits="15" branch="True" condition-coverage="100% (2/2)">
                  <conditions>
                    <condition number="17" type="jump" coverage="100%" />
                  </conditions>
                </line>
                <line number="97" hits="12" branch="False" />
                <line number="98" hits="12" branch="False" />
                <line number="99" hits="12" branch="False" />
                <line number="100" hits="7" branch="False" />
                <line number="102" hits="7" branch="False" />
                <line number="104" hits="7" branch="False" />
                <line number="106" hits="38" branch="True" condition-coverage="100% (2/2)">
                  <conditions>
                    <condition number="1190" type="jump" coverage="100%" />
                  </conditions>
                </line>
                <line number="108" hits="12" branch="True" condition-coverage="50% (1/2)">
                  <conditions>
                    <condition number="696" type="jump" coverage="50%" />
                  </conditions>
                </line>
                <line number="109" hits="12" branch="False" />
                <line number="112" hits="12" branch="False" />
                <line number="113" hits="25" branch="False" />
                <line number="114" hits="17" branch="False" />
                <line number="115" hits="12" branch="False" />
                <line number="117" hits="37" branch="True" condition-coverage="100% (2/2)">
                  <conditions>
                    <condition number="870" type="jump" coverage="100%" />
                  </conditions>
                </line>
                <line number="118" hits="12" branch="False" />
                <line number="119" hits="12" branch="False" />
                <line number="121" hits="58" branch="True" condition-coverage="100% (2/2)">
                  <conditions>
                    <condition number="1162" type="jump" coverage="100%" />
                  </conditions>
                </line>
                <line number="124" hits="17" branch="False" />
                <line number="125" hits="17" branch="False" />
                <line number="126" hits="17" branch="False" />
                <line number="127" hits="17" branch="False" />
                <line number="131" hits="31" branch="False" />
              </lines>
            </method>
            <method name="CalculateNumberOfDays" signature="(AwesomeBank.API.Application.Models.ViewModels.InterestRuleViewModel,System.DateTime,System.DateTime,System.Boolean,System.DateTime)" line-rate="0.8571" branch-rate="0.8" complexity="10">
              <lines>
                <line number="136" hits="17" branch="True" condition-coverage="75% (3/4)">
                  <conditions>
                    <condition number="17" type="jump" coverage="50%" />
                    <condition number="35" type="jump" coverage="100%" />
                  </conditions>
                </line>
                <line number="137" hits="17" branch="True" condition-coverage="100% (2/2)">
                  <conditions>
                    <condition number="82" type="jump" coverage="100%" />
                  </conditions>
                </line>
                <line number="139" hits="17" branch="True" condition-coverage="100% (2/2)">
                  <conditions>
                    <condition number="115" type="jump" coverage="100%" />
                  </conditions>
                </line>
                <line number="141" hits="6" branch="False" />
                <line number="144" hits="11" branch="True" condition-coverage="50% (1/2)">
                  <conditions>
                    <condition number="143" type="jump" coverage="50%" />
                  </conditions>
                </line>
                <line number="146" hits="11" branch="False" />
                <line number="149" hits="0" branch="False" />
              </lines>
            </method>
            <method name="CalculateInterest_Initial" signature="(AwesomeBank.API.Application.Models.ViewModels.AccountViewModel,System.Int32,System.Int32)" line-rate="0" branch-rate="0" complexity="38">
              <lines>
                <line number="154" hits="0" branch="False" />
                <line number="155" hits="0" branch="False" />
                <line number="156" hits="0" branch="False" />
                <line number="157" hits="0" branch="False" />
                <line number="158" hits="0" branch="False" />
                <line number="161" hits="0" branch="False" />
                <line number="162" hits="0" branch="False" />
                <line number="163" hits="0" branch="False" />
                <line number="164" hits="0" branch="False" />
                <line number="166" hits="0" branch="True" condition-coverage="0% (0/2)">
                  <conditions>
                    <condition number="190" type="jump" coverage="0%" />
                  </conditions>
                </line>
                <line number="169" hits="0" branch="False" />
                <line number="170" hits="0" branch="True" condition-coverage="0% (0/2)">
                  <conditions>
                    <condition number="16" type="jump" coverage="0%" />
                  </conditions>
                </line>
                <line number="172" hits="0" branch="False" />
                <line number="177" hits="0" branch="True" condition-coverage="0% (0/2)">
                  <conditions>
                    <condition number="17" type="jump" coverage="0%" />
                  </conditions>
                </line>
                <line number="178" hits="0" branch="False" />
                <line number="179" hits="0" branch="False" />
                <line number="180" hits="0" branch="False" />
                <line number="181" hits="0" branch="True" condition-coverage="0% (0/2)">
                  <conditions>
                    <condition number="17" type="jump" coverage="0%" />
                  </conditions>
                </line>
                <line number="182" hits="0" branch="False" />
                <line number="183" hits="0" branch="False" />
                <line number="184" hits="0" branch="False" />
                <line number="186" hits="0" branch="False" />
                <line number="188" hits="0" branch="True" condition-coverage="0% (0/2)">
                  <conditions>
                    <condition number="473" type="jump" coverage="0%" />
                  </conditions>
                </line>
                <line number="190" hits="0" branch="False" />
                <line number="191" hits="0" branch="True" condition-coverage="0% (0/2)">
                  <conditions>
                    <condition number="1492" type="jump" coverage="0%" />
                  </conditions>
                </line>
                <line number="194" hits="0" branch="True" condition-coverage="0% (0/2)">
                  <conditions>
                    <condition number="532" type="jump" coverage="0%" />
                  </conditions>
                </line>
                <line number="196" hits="0" branch="True" condition-coverage="0% (0/2)">
                  <conditions>
                    <condition number="591" type="jump" coverage="0%" />
                  </conditions>
                </line>
                <line number="197" hits="0" branch="True" condition-coverage="0% (0/2)">
                  <conditions>
                    <condition number="679" type="jump" coverage="0%" />
                  </conditions>
                </line>
                <line number="198" hits="0" branch="False" />
                <line number="200" hits="0" branch="False" />
                <line number="201" hits="0" branch="True" condition-coverage="0% (0/2)">
                  <conditions>
                    <condition number="1445" type="jump" coverage="0%" />
                  </conditions>
                </line>
                <line number="203" hits="0" branch="False" />
                <line number="206" hits="0" branch="True" condition-coverage="0% (0/4)">
                  <conditions>
                    <condition number="837" type="jump" coverage="0%" />
                    <condition number="871" type="jump" coverage="0%" />
                  </conditions>
                </line>
                <line number="208" hits="0" branch="False" />
                <line number="212" hits="0" branch="True" condition-coverage="0% (0/4)">
                  <conditions>
                    <condition number="961" type="jump" coverage="0%" />
                    <condition number="995" type="jump" coverage="0%" />
                  </conditions>
                </line>
                <line number="214" hits="0" branch="False" />
                <line number="218" hits="0" branch="True" condition-coverage="0% (0/4)">
                  <conditions>
                    <condition number="1108" type="jump" coverage="0%" />
                    <condition number="1142" type="jump" coverage="0%" />
                  </conditions>
                </line>
                <line number="220" hits="0" branch="False" />
                <line number="224" hits="0" branch="True" condition-coverage="0% (0/4)">
                  <conditions>
                    <condition number="1242" type="jump" coverage="0%" />
                    <condition number="1276" type="jump" coverage="0%" />
                  </conditions>
                </line>
                <line number="226" hits="0" branch="True" condition-coverage="0% (0/2)">
                  <conditions>
                    <condition number="1280" type="jump" coverage="0%" />
                  </conditions>
                </line>
                <line number="232" hits="0" branch="False" />
                <line number="233" hits="0" branch="False" />
                <line number="236" hits="0" branch="False" />
                <line number="240" hits="0" branch="False" />
              </lines>
            </method>
            <method name=".ctor" signature="(AwesomeBank.API.Application.Queries.IAccountQueries,AwesomeBank.API.Application.Queries.IInterestRulesQueries,Microsoft.Extensions.Logging.ILogger`1&lt;AwesomeBank.API.Application.Services.StatementService&gt;)" line-rate="1" branch-rate="1" complexity="1">
              <lines>
                <line number="7" hits="8" branch="False" />
                <line number="9" hits="8" branch="False" />
                <line number="10" hits="8" branch="False" />
                <line number="11" hits="8" branch="False" />
              </lines>
            </method>
          </methods>
          <lines>
            <line number="15" hits="8" branch="False" />
            <line number="17" hits="8" branch="True" condition-coverage="100% (2/2)">
              <conditions>
                <condition number="25" type="jump" coverage="100%" />
              </conditions>
            </line>
            <line number="19" hits="1" branch="False" />
            <line number="20" hits="1" branch="False" />
            <line number="23" hits="7" branch="False" />
            <line number="24" hits="7" branch="False" />
            <line number="27" hits="7" branch="False" />
            <line number="28" hits="7" branch="False" />
            <line number="31" hits="7" branch="False" />
            <line number="32" hits="22" branch="False" />
            <line number="33" hits="9" branch="True" condition-coverage="50% (1/2)">
              <conditions>
                <condition number="17" type="jump" coverage="50%" />
              </conditions>
            </line>
            <line number="36" hits="7" branch="False" />
            <line number="39" hits="7" branch="False" />
            <line number="40" hits="22" branch="True" condition-coverage="100% (2/2)">
              <conditions>
                <condition number="17" type="jump" coverage="100%" />
              </conditions>
            </line>
            <line number="41" hits="15" branch="False" />
            <line number="42" hits="7" branch="False" />
            <line number="44" hits="7" branch="False" />
            <line number="47" hits="44" branch="True" condition-coverage="100% (2/2)">
              <conditions>
                <condition number="435" type="jump" coverage="100%" />
              </conditions>
            </line>
            <line number="49" hits="15" branch="False" />
            <line number="50" hits="15" branch="True" condition-coverage="100% (2/2)">
              <conditions>
                <condition number="356" type="jump" coverage="100%" />
              </conditions>
            </line>
            <line number="51" hits="15" branch="False" />
            <line number="54" hits="7" branch="True" condition-coverage="100% (2/2)">
              <conditions>
                <condition number="468" type="jump" coverage="100%" />
              </conditions>
            </line>
            <line number="56" hits="6" branch="False" />
            <line number="57" hits="6" branch="False" />
            <line number="60" hits="7" branch="False" />
            <line number="65" hits="7" branch="False" />
            <line number="66" hits="7" branch="False" />
            <line number="68" hits="7" branch="False" />
            <line number="69" hits="20" branch="False" />
            <line number="70" hits="17" branch="False" />
            <line number="71" hits="17" branch="False" />
            <line number="72" hits="32" branch="False" />
            <line number="73" hits="7" branch="False" />
            <line number="75" hits="7" branch="True" condition-coverage="50% (1/2)">
              <conditions>
                <condition number="292" type="jump" coverage="50%" />
              </conditions>
            </line>
            <line number="77" hits="0" branch="False" />
            <line number="78" hits="0" branch="False" />
            <line number="81" hits="7" branch="False" />
            <line number="83" hits="7" branch="False" />
            <line number="86" hits="7" branch="False" />
            <line number="87" hits="7" branch="False" />
            <line number="90" hits="7" branch="False" />
            <line number="91" hits="22" branch="True" condition-coverage="100% (2/2)">
              <conditions>
                <condition number="17" type="jump" coverage="100%" />
              </conditions>
            </line>
            <line number="92" hits="15" branch="False" />
            <line number="93" hits="12" branch="False" />
            <line number="94" hits="12" branch="False" />
            <line number="95" hits="12" branch="False" />
            <line number="96" hits="15" branch="True" condition-coverage="100% (2/2)">
              <conditions>
                <condition number="17" type="jump" coverage="100%" />
              </conditions>
            </line>
            <line number="97" hits="12" branch="False" />
            <line number="98" hits="12" branch="False" />
            <line number="99" hits="12" branch="False" />
            <line number="100" hits="7" branch="False" />
            <line number="102" hits="7" branch="False" />
            <line number="104" hits="7" branch="False" />
            <line number="106" hits="38" branch="True" condition-coverage="100% (2/2)">
              <conditions>
                <condition number="1190" type="jump" coverage="100%" />
              </conditions>
            </line>
            <line number="108" hits="12" branch="True" condition-coverage="50% (1/2)">
              <conditions>
                <condition number="696" type="jump" coverage="50%" />
              </conditions>
            </line>
            <line number="109" hits="12" branch="False" />
            <line number="112" hits="12" branch="False" />
            <line number="113" hits="25" branch="False" />
            <line number="114" hits="17" branch="False" />
            <line number="115" hits="12" branch="False" />
            <line number="117" hits="37" branch="True" condition-coverage="100% (2/2)">
              <conditions>
                <condition number="870" type="jump" coverage="100%" />
              </conditions>
            </line>
            <line number="118" hits="12" branch="False" />
            <line number="119" hits="12" branch="False" />
            <line number="121" hits="58" branch="True" condition-coverage="100% (2/2)">
              <conditions>
                <condition number="1162" type="jump" coverage="100%" />
              </conditions>
            </line>
            <line number="124" hits="17" branch="False" />
            <line number="125" hits="17" branch="False" />
            <line number="126" hits="17" branch="False" />
            <line number="127" hits="17" branch="False" />
            <line number="131" hits="31" branch="False" />
            <line number="136" hits="17" branch="True" condition-coverage="75% (3/4)">
              <conditions>
                <condition number="17" type="jump" coverage="50%" />
                <condition number="35" type="jump" coverage="100%" />
              </conditions>
            </line>
            <line number="137" hits="17" branch="True" condition-coverage="100% (2/2)">
              <conditions>
                <condition number="82" type="jump" coverage="100%" />
              </conditions>
            </line>
            <line number="139" hits="17" branch="True" condition-coverage="100% (2/2)">
              <conditions>
                <condition number="115" type="jump" coverage="100%" />
              </conditions>
            </line>
            <line number="141" hits="6" branch="False" />
            <line number="144" hits="11" branch="True" condition-coverage="50% (1/2)">
              <conditions>
                <condition number="143" type="jump" coverage="50%" />
              </conditions>
            </line>
            <line number="146" hits="11" branch="False" />
            <line number="149" hits="0" branch="False" />
            <line number="154" hits="0" branch="False" />
            <line number="155" hits="0" branch="False" />
            <line number="156" hits="0" branch="False" />
            <line number="157" hits="0" branch="False" />
            <line number="158" hits="0" branch="False" />
            <line number="161" hits="0" branch="False" />
            <line number="162" hits="0" branch="False" />
            <line number="163" hits="0" branch="False" />
            <line number="164" hits="0" branch="False" />
            <line number="166" hits="0" branch="True" condition-coverage="0% (0/2)">
              <conditions>
                <condition number="190" type="jump" coverage="0%" />
              </conditions>
            </line>
            <line number="169" hits="0" branch="False" />
            <line number="170" hits="0" branch="True" condition-coverage="0% (0/2)">
              <conditions>
                <condition number="16" type="jump" coverage="0%" />
              </conditions>
            </line>
            <line number="172" hits="0" branch="False" />
            <line number="177" hits="0" branch="True" condition-coverage="0% (0/2)">
              <conditions>
                <condition number="17" type="jump" coverage="0%" />
              </conditions>
            </line>
            <line number="178" hits="0" branch="False" />
            <line number="179" hits="0" branch="False" />
            <line number="180" hits="0" branch="False" />
            <line number="181" hits="0" branch="True" condition-coverage="0% (0/2)">
              <conditions>
                <condition number="17" type="jump" coverage="0%" />
              </conditions>
            </line>
            <line number="182" hits="0" branch="False" />
            <line number="183" hits="0" branch="False" />
            <line number="184" hits="0" branch="False" />
            <line number="186" hits="0" branch="False" />
            <line number="188" hits="0" branch="True" condition-coverage="0% (0/2)">
              <conditions>
                <condition number="473" type="jump" coverage="0%" />
              </conditions>
            </line>
            <line number="190" hits="0" branch="False" />
            <line number="191" hits="0" branch="True" condition-coverage="0% (0/2)">
              <conditions>
                <condition number="1492" type="jump" coverage="0%" />
              </conditions>
            </line>
            <line number="194" hits="0" branch="True" condition-coverage="0% (0/2)">
              <conditions>
                <condition number="532" type="jump" coverage="0%" />
              </conditions>
            </line>
            <line number="196" hits="0" branch="True" condition-coverage="0% (0/2)">
              <conditions>
                <condition number="591" type="jump" coverage="0%" />
              </conditions>
            </line>
            <line number="197" hits="0" branch="True" condition-coverage="0% (0/2)">
              <conditions>
                <condition number="679" type="jump" coverage="0%" />
              </conditions>
            </line>
            <line number="198" hits="0" branch="False" />
            <line number="200" hits="0" branch="False" />
            <line number="201" hits="0" branch="True" condition-coverage="0% (0/2)">
              <conditions>
                <condition number="1445" type="jump" coverage="0%" />
              </conditions>
            </line>
            <line number="203" hits="0" branch="False" />
            <line number="206" hits="0" branch="True" condition-coverage="0% (0/4)">
              <conditions>
                <condition number="837" type="jump" coverage="0%" />
                <condition number="871" type="jump" coverage="0%" />
              </conditions>
            </line>
            <line number="208" hits="0" branch="False" />
            <line number="212" hits="0" branch="True" condition-coverage="0% (0/4)">
              <conditions>
                <condition number="961" type="jump" coverage="0%" />
                <condition number="995" type="jump" coverage="0%" />
              </conditions>
            </line>
            <line number="214" hits="0" branch="False" />
            <line number="218" hits="0" branch="True" condition-coverage="0% (0/4)">
              <conditions>
                <condition number="1108" type="jump" coverage="0%" />
                <condition number="1142" type="jump" coverage="0%" />
              </conditions>
            </line>
            <line number="220" hits="0" branch="False" />
            <line number="224" hits="0" branch="True" condition-coverage="0% (0/4)">
              <conditions>
                <condition number="1242" type="jump" coverage="0%" />
                <condition number="1276" type="jump" coverage="0%" />
              </conditions>
            </line>
            <line number="226" hits="0" branch="True" condition-coverage="0% (0/2)">
              <conditions>
                <condition number="1280" type="jump" coverage="0%" />
              </conditions>
            </line>
            <line number="232" hits="0" branch="False" />
            <line number="233" hits="0" branch="False" />
            <line number="236" hits="0" branch="False" />
            <line number="240" hits="0" branch="False" />
            <line number="7" hits="8" branch="False" />
            <line number="9" hits="8" branch="False" />
            <line number="10" hits="8" branch="False" />
            <line number="11" hits="8" branch="False" />
          </lines>
        </class>
        <class name="AwesomeBank.API.Application.Queries.AccountQueries" filename="AwesomeBank.API\Application\Queries\AccountQueries.cs" line-rate="0" branch-rate="0" complexity="5">
          <methods>
            <method name="GetAccountReportForMonth" signature="(System.String,System.String)" line-rate="0" branch-rate="0" complexity="2">
              <lines>
                <line number="11" hits="0" branch="False" />
                <line number="13" hits="0" branch="True" condition-coverage="0% (0/2)">
                  <conditions>
                    <condition number="233" type="jump" coverage="0%" />
                  </conditions>
                </line>
                <line number="14" hits="0" branch="False" />
                <line number="16" hits="0" branch="False" />
                <line number="17" hits="0" branch="False" />
                <line number="18" hits="0" branch="False" />
                <line number="19" hits="0" branch="False" />
                <line number="21" hits="0" branch="False" />
                <line number="22" hits="0" branch="False" />
                <line number="23" hits="0" branch="False" />
              </lines>
            </method>
            <method name="GetAccount" signature="(System.String)" line-rate="0" branch-rate="0" complexity="2">
              <lines>
                <line number="28" hits="0" branch="False" />
                <line number="30" hits="0" branch="True" condition-coverage="0% (0/2)">
                  <conditions>
                    <condition number="220" type="jump" coverage="0%" />
                  </conditions>
                </line>
                <line number="31" hits="0" branch="False" />
                <line number="33" hits="0" branch="False" />
              </lines>
            </method>
            <method name=".ctor" signature="(AwesomeBank.Infrastructure.IUnitOfWork,AutoMapper.IMapper,Microsoft.Extensions.Logging.ILogger`1&lt;AwesomeBank.API.Application.Queries.AccountQueries&gt;)" line-rate="0" branch-rate="1" complexity="1">
              <lines>
                <line number="3" hits="0" branch="False" />
                <line number="5" hits="0" branch="False" />
                <line number="6" hits="0" branch="False" />
                <line number="7" hits="0" branch="False" />
              </lines>
            </method>
          </methods>
          <lines>
            <line number="11" hits="0" branch="False" />
            <line number="13" hits="0" branch="True" condition-coverage="0% (0/2)">
              <conditions>
                <condition number="233" type="jump" coverage="0%" />
              </conditions>
            </line>
            <line number="14" hits="0" branch="False" />
            <line number="16" hits="0" branch="False" />
            <line number="17" hits="0" branch="False" />
            <line number="18" hits="0" branch="False" />
            <line number="19" hits="0" branch="False" />
            <line number="21" hits="0" branch="False" />
            <line number="22" hits="0" branch="False" />
            <line number="23" hits="0" branch="False" />
            <line number="28" hits="0" branch="False" />
            <line number="30" hits="0" branch="True" condition-coverage="0% (0/2)">
              <conditions>
                <condition number="220" type="jump" coverage="0%" />
              </conditions>
            </line>
            <line number="31" hits="0" branch="False" />
            <line number="33" hits="0" branch="False" />
            <line number="3" hits="0" branch="False" />
            <line number="5" hits="0" branch="False" />
            <line number="6" hits="0" branch="False" />
            <line number="7" hits="0" branch="False" />
          </lines>
        </class>
        <class name="AwesomeBank.API.Application.Queries.InterestRulesQueries" filename="AwesomeBank.API\Application\Queries\InterestRulesQueries.cs" line-rate="0" branch-rate="1" complexity="2">
          <methods>
            <method name="GetAllInterstRules" signature="()" line-rate="0" branch-rate="1" complexity="1">
              <lines>
                <line number="11" hits="0" branch="False" />
                <line number="12" hits="0" branch="False" />
              </lines>
            </method>
            <method name=".ctor" signature="(AwesomeBank.Infrastructure.IUnitOfWork,AutoMapper.IMapper,Microsoft.Extensions.Logging.ILogger`1&lt;AwesomeBank.API.Application.Queries.InterestRulesQueries&gt;)" line-rate="0" branch-rate="1" complexity="1">
              <lines>
                <line number="3" hits="0" branch="False" />
                <line number="5" hits="0" branch="False" />
                <line number="6" hits="0" branch="False" />
                <line number="7" hits="0" branch="False" />
              </lines>
            </method>
          </methods>
          <lines>
            <line number="11" hits="0" branch="False" />
            <line number="12" hits="0" branch="False" />
            <line number="3" hits="0" branch="False" />
            <line number="5" hits="0" branch="False" />
            <line number="6" hits="0" branch="False" />
            <line number="7" hits="0" branch="False" />
          </lines>
        </class>
        <class name="AwesomeBank.API.Application.Models.AccountStatementModel" filename="AwesomeBank.API\Application\Models\AccountStatement.cs" line-rate="1" branch-rate="0.5" complexity="6">
          <methods>
            <method name="get_AccountNumber" signature="()" line-rate="1" branch-rate="1" complexity="1">
              <lines>
                <line number="5" hits="17" branch="False" />
              </lines>
            </method>
            <method name="get_Entries" signature="()" line-rate="1" branch-rate="1" complexity="1">
              <lines>
                <line number="6" hits="30" branch="False" />
              </lines>
            </method>
            <method name=".ctor" signature="(System.String,System.Collections.Generic.List`1&lt;AwesomeBank.API.Application.Models.StatementEntryModel&gt;)" line-rate="1" branch-rate="0.5" complexity="4">
              <lines>
                <line number="8" hits="9" branch="False" />
                <line number="10" hits="9" branch="True" condition-coverage="50% (1/2)">
                  <conditions>
                    <condition number="9" type="jump" coverage="50%" />
                  </conditions>
                </line>
                <line number="11" hits="9" branch="True" condition-coverage="50% (1/2)">
                  <conditions>
                    <condition number="31" type="jump" coverage="50%" />
                  </conditions>
                </line>
                <line number="12" hits="9" branch="False" />
              </lines>
            </method>
          </methods>
          <lines>
            <line number="5" hits="17" branch="False" />
            <line number="6" hits="30" branch="False" />
            <line number="8" hits="9" branch="False" />
            <line number="10" hits="9" branch="True" condition-coverage="50% (1/2)">
              <conditions>
                <condition number="9" type="jump" coverage="50%" />
              </conditions>
            </line>
            <line number="11" hits="9" branch="True" condition-coverage="50% (1/2)">
              <conditions>
                <condition number="31" type="jump" coverage="50%" />
              </conditions>
            </line>
            <line number="12" hits="9" branch="False" />
          </lines>
        </class>
        <class name="AwesomeBank.API.Application.Models.StatementEntryModel" filename="AwesomeBank.API\Application\Models\AccountStatement.cs" line-rate="1" branch-rate="1" complexity="6">
          <methods>
            <method name="get_Date" signature="()" line-rate="1" branch-rate="1" complexity="1">
              <lines>
                <line number="17" hits="23" branch="False" />
              </lines>
            </method>
            <method name="get_TransactionId" signature="()" line-rate="1" branch-rate="1" complexity="1">
              <lines>
                <line number="18" hits="24" branch="False" />
              </lines>
            </method>
            <method name="get_Type" signature="()" line-rate="1" branch-rate="1" complexity="1">
              <lines>
                <line number="19" hits="28" branch="False" />
              </lines>
            </method>
            <method name="get_Amount" signature="()" line-rate="1" branch-rate="1" complexity="1">
              <lines>
                <line number="20" hits="29" branch="False" />
              </lines>
            </method>
            <method name="get_Balance" signature="()" line-rate="1" branch-rate="1" complexity="1">
              <lines>
                <line number="21" hits="23" branch="False" />
              </lines>
            </method>
            <method name=".ctor" signature="(System.DateTime,System.String,System.String,System.Decimal,System.Decimal)" line-rate="1" branch-rate="1" complexity="1">
              <lines>
                <line number="23" hits="22" branch="False" />
                <line number="25" hits="22" branch="False" />
                <line number="26" hits="22" branch="False" />
                <line number="27" hits="22" branch="False" />
                <line number="28" hits="22" branch="False" />
                <line number="29" hits="22" branch="False" />
                <line number="30" hits="22" branch="False" />
              </lines>
            </method>
          </methods>
          <lines>
            <line number="17" hits="23" branch="False" />
            <line number="18" hits="24" branch="False" />
            <line number="19" hits="28" branch="False" />
            <line number="20" hits="29" branch="False" />
            <line number="21" hits="23" branch="False" />
            <line number="23" hits="22" branch="False" />
            <line number="25" hits="22" branch="False" />
            <line number="26" hits="22" branch="False" />
            <line number="27" hits="22" branch="False" />
            <line number="28" hits="22" branch="False" />
            <line number="29" hits="22" branch="False" />
            <line number="30" hits="22" branch="False" />
          </lines>
        </class>
        <class name="AwesomeBank.API.Application.Models.StatementEntryRecordModel" filename="AwesomeBank.API\Application\Models\AccountStatement.cs" line-rate="1" branch-rate="1" complexity="4">
          <methods>
            <method name="get_Date" signature="()" line-rate="1" branch-rate="1" complexity="1">
              <lines>
                <line number="35" hits="24" branch="False" />
              </lines>
            </method>
            <method name="get_Balance" signature="()" line-rate="1" branch-rate="1" complexity="1">
              <lines>
                <line number="36" hits="24" branch="False" />
              </lines>
            </method>
            <method name="get_Interst" signature="()" line-rate="1" branch-rate="1" complexity="1">
              <lines>
                <line number="37" hits="48" branch="False" />
              </lines>
            </method>
            <method name=".ctor" signature="(System.DateTime,System.Decimal,System.Decimal)" line-rate="1" branch-rate="1" complexity="1">
              <lines>
                <line number="39" hits="24" branch="False" />
                <line number="41" hits="24" branch="False" />
                <line number="42" hits="24" branch="False" />
                <line number="43" hits="24" branch="False" />
                <line number="44" hits="24" branch="False" />
              </lines>
            </method>
          </methods>
          <lines>
            <line number="35" hits="24" branch="False" />
            <line number="36" hits="24" branch="False" />
            <line number="37" hits="48" branch="False" />
            <line number="39" hits="24" branch="False" />
            <line number="41" hits="24" branch="False" />
            <line number="42" hits="24" branch="False" />
            <line number="43" hits="24" branch="False" />
            <line number="44" hits="24" branch="False" />
          </lines>
        </class>
        <class name="AwesomeBank.API.Application.Models.ViewModels.AccountViewModel" filename="AwesomeBank.API\Application\Models\ViewModels\AccountViewModel.cs" line-rate="0.6666" branch-rate="1" complexity="3">
          <methods>
            <method name="get_AccountNumber" signature="()" line-rate="1" branch-rate="1" complexity="1">
              <lines>
                <line number="5" hits="23" branch="False" />
              </lines>
            </method>
            <method name="get_Balance" signature="()" line-rate="0" branch-rate="1" complexity="1">
              <lines>
                <line number="6" hits="0" branch="False" />
              </lines>
            </method>
            <method name="get_Transactions" signature="()" line-rate="1" branch-rate="1" complexity="1">
              <lines>
                <line number="7" hits="30" branch="False" />
              </lines>
            </method>
          </methods>
          <lines>
            <line number="5" hits="23" branch="False" />
            <line number="6" hits="0" branch="False" />
            <line number="7" hits="30" branch="False" />
          </lines>
        </class>
        <class name="AwesomeBank.API.Application.Models.ViewModels.TransactionViewModel" filename="AwesomeBank.API\Application\Models\ViewModels\AccountViewModel.cs" line-rate="1" branch-rate="1" complexity="4">
          <methods>
            <method name="get_TransactionId" signature="()" line-rate="1" branch-rate="1" complexity="1">
              <lines>
                <line number="12" hits="54" branch="False" />
              </lines>
            </method>
            <method name="get_Date" signature="()" line-rate="1" branch-rate="1" complexity="1">
              <lines>
                <line number="13" hits="338" branch="False" />
              </lines>
            </method>
            <method name="get_Type" signature="()" line-rate="1" branch-rate="1" complexity="1">
              <lines>
                <line number="14" hits="95" branch="False" />
              </lines>
            </method>
            <method name="get_Amount" signature="()" line-rate="1" branch-rate="1" complexity="1">
              <lines>
                <line number="15" hits="95" branch="False" />
              </lines>
            </method>
          </methods>
          <lines>
            <line number="12" hits="54" branch="False" />
            <line number="13" hits="338" branch="False" />
            <line number="14" hits="95" branch="False" />
            <line number="15" hits="95" branch="False" />
          </lines>
        </class>
        <class name="AwesomeBank.API.Application.Models.ViewModels.InterestRuleViewModel" filename="AwesomeBank.API\Application\Models\ViewModels\InterestRuleViewModel.cs" line-rate="1" branch-rate="1" complexity="5">
          <methods>
            <method name="get_RuleId" signature="()" line-rate="1" branch-rate="1" complexity="1">
              <lines>
                <line number="7" hits="43" branch="False" />
              </lines>
            </method>
            <method name="get_Date" signature="()" line-rate="1" branch-rate="1" complexity="1">
              <lines>
                <line number="8" hits="144" branch="False" />
              </lines>
            </method>
            <method name="get_EndDate" signature="()" line-rate="1" branch-rate="1" complexity="1">
              <lines>
                <line number="11" hits="62" branch="False" />
              </lines>
            </method>
            <method name="get_CreatedDate" signature="()" line-rate="1" branch-rate="1" complexity="1">
              <lines>
                <line number="14" hits="25" branch="False" />
              </lines>
            </method>
            <method name="get_Rate" signature="()" line-rate="1" branch-rate="1" complexity="1">
              <lines>
                <line number="16" hits="45" branch="False" />
              </lines>
            </method>
          </methods>
          <lines>
            <line number="7" hits="43" branch="False" />
            <line number="8" hits="144" branch="False" />
            <line number="11" hits="62" branch="False" />
            <line number="14" hits="25" branch="False" />
            <line number="16" hits="45" branch="False" />
          </lines>
        </class>
        <class name="AwesomeBank.API.Application.Models.Requests.StatementRequest" filename="AwesomeBank.API\Application\Models\Requests\StatementRequest.cs" line-rate="1" branch-rate="1" complexity="3">
          <methods>
            <method name="get_AccountNumber" signature="()" line-rate="1" branch-rate="1" complexity="1">
              <lines>
                <line number="6" hits="25" branch="False" />
              </lines>
            </method>
            <method name="get_Year" signature="()" line-rate="1" branch-rate="1" complexity="1">
              <lines>
                <line number="9" hits="23" branch="False" />
              </lines>
            </method>
            <method name="get_Month" signature="()" line-rate="1" branch-rate="1" complexity="1">
              <lines>
                <line number="12" hits="23" branch="False" />
              </lines>
            </method>
          </methods>
          <lines>
            <line number="6" hits="25" branch="False" />
            <line number="9" hits="23" branch="False" />
            <line number="12" hits="23" branch="False" />
          </lines>
        </class>
        <class name="AwesomeBank.API.Application.Mappings.AutoMapperProfile" filename="AwesomeBank.API\Application\Mappings\AutoMapperProfile.cs" line-rate="0" branch-rate="1" complexity="1">
          <methods>
            <method name=".ctor" signature="()" line-rate="0" branch-rate="1" complexity="1">
              <lines>
                <line number="5" hits="0" branch="False" />
                <line number="7" hits="0" branch="False" />
                <line number="8" hits="0" branch="False" />
                <line number="10" hits="0" branch="False" />
                <line number="11" hits="0" branch="False" />
                <line number="12" hits="0" branch="False" />
              </lines>
            </method>
          </methods>
          <lines>
            <line number="5" hits="0" branch="False" />
            <line number="7" hits="0" branch="False" />
            <line number="8" hits="0" branch="False" />
            <line number="10" hits="0" branch="False" />
            <line number="11" hits="0" branch="False" />
            <line number="12" hits="0" branch="False" />
          </lines>
        </class>
        <class name="AwesomeBank.API.Application.Helpers.TransactionLinkedListHelper" filename="AwesomeBank.API\Application\Helpers\TransactionLinkedListHelper.cs" line-rate="1" branch-rate="1" complexity="3">
          <methods>
            <method name="GetLastDayOfMonth" signature="(System.DateTime)" line-rate="1" branch-rate="1" complexity="1">
              <lines>
                <line number="7" hits="7" branch="False" />
                <line number="8" hits="7" branch="False" />
              </lines>
            </method>
            <method name="FillEndDates" signature="(System.Collections.Generic.IEnumerable`1&lt;AwesomeBank.API.Application.Models.ViewModels.InterestRuleViewModel&gt;)" line-rate="1" branch-rate="1" complexity="2">
              <lines>
                <line number="13" hits="22" branch="False" />
                <line number="15" hits="30" branch="True" condition-coverage="100% (2/2)">
                  <conditions>
                    <condition number="108" type="jump" coverage="100%" />
                  </conditions>
                </line>
                <line number="17" hits="8" branch="False" />
                <line number="20" hits="7" branch="False" />
                <line number="21" hits="7" branch="False" />
              </lines>
            </method>
          </methods>
          <lines>
            <line number="7" hits="7" branch="False" />
            <line number="8" hits="7" branch="False" />
            <line number="13" hits="22" branch="False" />
            <line number="15" hits="30" branch="True" condition-coverage="100% (2/2)">
              <conditions>
                <condition number="108" type="jump" coverage="100%" />
              </conditions>
            </line>
            <line number="17" hits="8" branch="False" />
            <line number="20" hits="7" branch="False" />
            <line number="21" hits="7" branch="False" />
          </lines>
        </class>
        <class name="AwesomeBank.API.Application.Commands.AddInterestRuleCommand" filename="AwesomeBank.API\Application\Commands\AddInterestRuleCommand.cs" line-rate="1" branch-rate="1" complexity="4">
          <methods>
            <method name="get_Date" signature="()" line-rate="1" branch-rate="1" complexity="1">
              <lines>
                <line number="5" hits="3" branch="False" />
              </lines>
            </method>
            <method name="get_RuleId" signature="()" line-rate="1" branch-rate="1" complexity="1">
              <lines>
                <line number="6" hits="7" branch="False" />
              </lines>
            </method>
            <method name="get_Rate" signature="()" line-rate="1" branch-rate="1" complexity="1">
              <lines>
                <line number="7" hits="12" branch="False" />
              </lines>
            </method>
            <method name=".ctor" signature="(System.DateTime,System.String,System.Decimal)" line-rate="1" branch-rate="1" complexity="1">
              <lines>
                <line number="9" hits="5" branch="False" />
                <line number="11" hits="5" branch="False" />
                <line number="12" hits="5" branch="False" />
                <line number="13" hits="5" branch="False" />
                <line number="14" hits="5" branch="False" />
              </lines>
            </method>
          </methods>
          <lines>
            <line number="5" hits="3" branch="False" />
            <line number="6" hits="7" branch="False" />
            <line number="7" hits="12" branch="False" />
            <line number="9" hits="5" branch="False" />
            <line number="11" hits="5" branch="False" />
            <line number="12" hits="5" branch="False" />
            <line number="13" hits="5" branch="False" />
            <line number="14" hits="5" branch="False" />
          </lines>
        </class>
        <class name="AwesomeBank.API.Application.Commands.AddInterestRuleCommandHandler" filename="AwesomeBank.API\Application\Commands\AddInterestRuleCommandHandler.cs" line-rate="1" branch-rate="1" complexity="1">
          <methods>
            <method name=".ctor" signature="(AwesomeBank.Infrastructure.IUnitOfWork,AutoMapper.IMapper,Microsoft.Extensions.Logging.ILogger`1&lt;AwesomeBank.API.Application.Commands.AddInterestRuleCommandHandler&gt;)" line-rate="1" branch-rate="1" complexity="1">
              <lines>
                <line number="3" hits="3" branch="False" />
                <line number="4" hits="3" branch="False" />
                <line number="5" hits="3" branch="False" />
                <line number="7" hits="3" branch="False" />
                <line number="8" hits="3" branch="False" />
                <line number="9" hits="3" branch="False" />
              </lines>
            </method>
          </methods>
          <lines>
            <line number="3" hits="3" branch="False" />
            <line number="4" hits="3" branch="False" />
            <line number="5" hits="3" branch="False" />
            <line number="7" hits="3" branch="False" />
            <line number="8" hits="3" branch="False" />
            <line number="9" hits="3" branch="False" />
          </lines>
        </class>
        <class name="AwesomeBank.API.Application.Commands.AddInterestRuleCommandHandler/&lt;Handle&gt;d__4" filename="AwesomeBank.API\Application\Commands\AddInterestRuleCommandHandler.cs" line-rate="1" branch-rate="1" complexity="6">
          <methods>
            <method name="MoveNext" signature="()" line-rate="1" branch-rate="1" complexity="6">
              <lines>
                <line number="13" hits="3" branch="False" />
                <line number="16" hits="3" branch="True" condition-coverage="100% (4/4)">
                  <conditions>
                    <condition number="120" type="jump" coverage="100%" />
                    <condition number="145" type="jump" coverage="100%" />
                  </conditions>
                </line>
                <line number="18" hits="1" branch="False" />
                <line number="22" hits="2" branch="False" />
                <line number="23" hits="2" branch="False" />
                <line number="25" hits="2" branch="True" condition-coverage="100% (2/2)">
                  <conditions>
                    <condition number="350" type="jump" coverage="100%" />
                  </conditions>
                </line>
                <line number="27" hits="1" branch="False" />
                <line number="28" hits="1" branch="False" />
                <line number="32" hits="2" branch="False" />
                <line number="33" hits="2" branch="False" />
                <line number="35" hits="2" branch="False" />
                <line number="37" hits="2" branch="False" />
                <line number="38" hits="2" branch="False" />
                <line number="39" hits="2" branch="False" />
                <line number="40" hits="2" branch="False" />
              </lines>
            </method>
          </methods>
          <lines>
            <line number="13" hits="3" branch="False" />
            <line number="16" hits="3" branch="True" condition-coverage="100% (4/4)">
              <conditions>
                <condition number="120" type="jump" coverage="100%" />
                <condition number="145" type="jump" coverage="100%" />
              </conditions>
            </line>
            <line number="18" hits="1" branch="False" />
            <line number="22" hits="2" branch="False" />
            <line number="23" hits="2" branch="False" />
            <line number="25" hits="2" branch="True" condition-coverage="100% (2/2)">
              <conditions>
                <condition number="350" type="jump" coverage="100%" />
              </conditions>
            </line>
            <line number="27" hits="1" branch="False" />
            <line number="28" hits="1" branch="False" />
            <line number="32" hits="2" branch="False" />
            <line number="33" hits="2" branch="False" />
            <line number="35" hits="2" branch="False" />
            <line number="37" hits="2" branch="False" />
            <line number="38" hits="2" branch="False" />
            <line number="39" hits="2" branch="False" />
            <line number="40" hits="2" branch="False" />
          </lines>
        </class>
        <class name="AwesomeBank.API.Application.Commands.AddTransactionCommand" filename="AwesomeBank.API\Application\Commands\AddTransactionCommand.cs" line-rate="1" branch-rate="1" complexity="5">
          <methods>
            <method name="get_AccountNumber" signature="()" line-rate="1" branch-rate="1" complexity="1">
              <lines>
                <line number="7" hits="24" branch="False" />
              </lines>
            </method>
            <method name="get_Date" signature="()" line-rate="1" branch-rate="1" complexity="1">
              <lines>
                <line number="10" hits="10" branch="False" />
              </lines>
            </method>
            <method name="get_Type" signature="()" line-rate="1" branch-rate="1" complexity="1">
              <lines>
                <line number="14" hits="15" branch="False" />
              </lines>
            </method>
            <method name="get_Amount" signature="()" line-rate="1" branch-rate="1" complexity="1">
              <lines>
                <line number="17" hits="12" branch="False" />
              </lines>
            </method>
            <method name=".ctor" signature="(System.String,System.DateTime,System.String,System.Decimal)" line-rate="1" branch-rate="1" complexity="1">
              <lines>
                <line number="19" hits="6" branch="False" />
                <line number="21" hits="6" branch="False" />
                <line number="22" hits="6" branch="False" />
                <line number="23" hits="6" branch="False" />
                <line number="24" hits="6" branch="False" />
                <line number="25" hits="6" branch="False" />
              </lines>
            </method>
          </methods>
          <lines>
            <line number="7" hits="24" branch="False" />
            <line number="10" hits="10" branch="False" />
            <line number="14" hits="15" branch="False" />
            <line number="17" hits="12" branch="False" />
            <line number="19" hits="6" branch="False" />
            <line number="21" hits="6" branch="False" />
            <line number="22" hits="6" branch="False" />
            <line number="23" hits="6" branch="False" />
            <line number="24" hits="6" branch="False" />
            <line number="25" hits="6" branch="False" />
          </lines>
        </class>
        <class name="AwesomeBank.API.Application.Commands.AddTransactionCommandHandler" filename="AwesomeBank.API\Application\Commands\AddTransactionCommandHandler.cs" line-rate="1" branch-rate="1" complexity="1">
          <methods>
            <method name=".ctor" signature="(AwesomeBank.Infrastructure.IUnitOfWork,AutoMapper.IMapper,Microsoft.Extensions.Logging.ILogger`1&lt;AwesomeBank.API.Application.Commands.AddTransactionCommandHandler&gt;)" line-rate="1" branch-rate="1" complexity="1">
              <lines>
                <line number="3" hits="5" branch="False" />
                <line number="4" hits="5" branch="False" />
                <line number="5" hits="5" branch="False" />
[...]
        <class name="AwesomeBank.Domain.Entities.InterestRule" filename="AwesomeBank.Domain\Entities\InterestRule.cs" line-rate="1" branch-rate="1" complexity="4">
          <methods>
            <method name="get_RuleId" signature="()" line-rate="1" branch-rate="1" complexity="1">
              <lines>
                <line number="5" hits="11" branch="False" />
              </lines>
            </method>
            <method name="get_Date" signature="()" line-rate="1" branch-rate="1" complexity="1">
              <lines>
                <line number="6" hits="13" branch="False" />
              </lines>
            </method>
            <method name="get_Rate" signature="()" line-rate="1" branch-rate="1" complexity="1">
              <lines>
                <line number="7" hits="11" branch="False" />
              </lines>
            </method>
            <method name="get_CreatedDate" signature="()" line-rate="1" branch-rate="1" complexity="1">
              <lines>
                <line number="8" hits="8" branch="False" />
              </lines>
            </method>
          </methods>
          <lines>
            <line number="5" hits="11" branch="False" />
            <line number="6" hits="13" branch="False" />
            <line number="7" hits="11" branch="False" />
            <line number="8" hits="8" branch="False" />
          </lines>
        </class>
        <class name="AwesomeBank.Domain.Entities.Transaction" filename="AwesomeBank.Domain\Aggregates\Transaction.Aggregate.cs" line-rate="1" branch-rate="1" complexity="15">
          <methods>
            <method name="Validate" signature="(System.String,System.DateTime,System.String,System.Decimal)" line-rate="1" branch-rate="1" complexity="14">
              <lines>
                <line number="16" hits="20" branch="False" />
                <line number="18" hits="22" branch="True" condition-coverage="100% (2/2)">
                  <conditions>
                    <condition number="12" type="jump" coverage="100%" />
                  </conditions>
                </line>
                <line number="19" hits="25" branch="True" condition-coverage="100% (4/4)">
                  <conditions>
                    <condition number="31" type="jump" coverage="100%" />
                    <condition number="40" type="jump" coverage="100%" />
                  </conditions>
                </line>
                <line number="20" hits="26" branch="True" condition-coverage="100% (2/2)">
                  <conditions>
                    <condition number="69" type="jump" coverage="100%" />
                  </conditions>
                </line>
                <line number="21" hits="23" branch="True" condition-coverage="100% (2/2)">
                  <conditions>
                    <condition number="93" type="jump" coverage="100%" />
                  </conditions>
                </line>
                <line number="22" hits="23" branch="True" condition-coverage="100% (2/2)">
                  <conditions>
                    <condition number="121" type="jump" coverage="100%" />
                  </conditions>
                </line>
                <line number="24" hits="20" branch="True" condition-coverage="100% (2/2)">
                  <conditions>
                    <condition number="140" type="jump" coverage="100%" />
                  </conditions>
                </line>
                <line number="25" hits="10" branch="False" />
                <line number="26" hits="10" branch="False" />
              </lines>
            </method>
            <method name=".ctor" signature="(System.String,System.DateTime,System.String,System.Decimal)" line-rate="1" branch-rate="1" complexity="1">
              <lines>
                <line number="5" hits="20" branch="False" />
                <line number="7" hits="20" branch="False" />
                <line number="8" hits="10" branch="False" />
                <line number="9" hits="10" branch="False" />
                <line number="10" hits="10" branch="False" />
                <line number="11" hits="10" branch="False" />
                <line number="12" hits="10" branch="False" />
              </lines>
            </method>
          </methods>
          <lines>
            <line number="16" hits="20" branch="False" />
            <line number="18" hits="22" branch="True" condition-coverage="100% (2/2)">
              <conditions>
                <condition number="12" type="jump" coverage="100%" />
              </conditions>
            </line>
            <line number="19" hits="25" branch="True" condition-coverage="100% (4/4)">
              <conditions>
                <condition number="31" type="jump" coverage="100%" />
                <condition number="40" type="jump" coverage="100%" />
              </conditions>
            </line>
            <line number="20" hits="26" branch="True" condition-coverage="100% (2/2)">
              <conditions>
                <condition number="69" type="jump" coverage="100%" />
              </conditions>
            </line>
            <line number="21" hits="23" branch="True" condition-coverage="100% (2/2)">
              <conditions>
                <condition number="93" type="jump" coverage="100%" />
              </conditions>
            </line>
            <line number="22" hits="23" branch="True" condition-coverage="100% (2/2)">
              <conditions>
                <condition number="121" type="jump" coverage="100%" />
              </conditions>
            </line>
            <line number="24" hits="20" branch="True" condition-coverage="100% (2/2)">
              <conditions>
                <condition number="140" type="jump" coverage="100%" />
              </conditions>
            </line>
            <line number="25" hits="10" branch="False" />
            <line number="26" hits="10" branch="False" />
            <line number="5" hits="20" branch="False" />
            <line number="7" hits="20" branch="False" />
            <line number="8" hits="10" branch="False" />
            <line number="9" hits="10" branch="False" />
            <line number="10" hits="10" branch="False" />
            <line number="11" hits="10" branch="False" />
            <line number="12" hits="10" branch="False" />
          </lines>
        </class>
        <class name="AwesomeBank.Domain.Entities.Transaction" filename="AwesomeBank.Domain\Entities\Transaction.cs" line-rate="1" branch-rate="1" complexity="4">
          <methods>
            <method name="get_TransactionId" signature="()" line-rate="1" branch-rate="1" complexity="1">
              <lines>
                <line number="5" hits="21" branch="False" />
              </lines>
            </method>
            <method name="get_Date" signature="()" line-rate="1" branch-rate="1" complexity="1">
              <lines>
                <line number="6" hits="17" branch="False" />
              </lines>
            </method>
            <method name="get_Type" signature="()" line-rate="1" branch-rate="1" complexity="1">
              <lines>
                <line number="7" hits="17" branch="False" />
              </lines>
            </method>
            <method name="get_Amount" signature="()" line-rate="1" branch-rate="1" complexity="1">
              <lines>
                <line number="8" hits="17" branch="False" />
              </lines>
            </method>
          </methods>
          <lines>
            <line number="5" hits="21" branch="False" />
            <line number="6" hits="17" branch="False" />
            <line number="7" hits="17" branch="False" />
            <line number="8" hits="17" branch="False" />
          </lines>
        </class>
      </classes>
    </package>
    <package name="AwesomeBank.Infrastructure" line-rate="0" branch-rate="0" complexity="27">
      <classes>
        <class name="AwesomeBank.Infrastructure.UnitOfWork" filename="AwesomeBank.Infrastructure\UnitOfWork.cs" line-rate="0" branch-rate="1" complexity="6">
          <methods>
            <method name="get_Accounts" signature="()" line-rate="0" branch-rate="1" complexity="1">
              <lines>
                <line number="5" hits="0" branch="False" />
              </lines>
            </method>
            <method name="get_Transactions" signature="()" line-rate="0" branch-rate="1" complexity="1">
              <lines>
                <line number="6" hits="0" branch="False" />
              </lines>
            </method>
            <method name="get_InterestRules" signature="()" line-rate="0" branch-rate="1" complexity="1">
              <lines>
                <line number="7" hits="0" branch="False" />
              </lines>
            </method>
            <method name="SaveChanges" signature="()" line-rate="0" branch-rate="1" complexity="1">
              <lines>
                <line number="20" hits="0" branch="False" />
              </lines>
            </method>
            <method name="Dispose" signature="()" line-rate="0" branch-rate="1" complexity="1">
              <lines>
                <line number="26" hits="0" branch="False" />
              </lines>
            </method>
            <method name=".ctor" signature="()" line-rate="0" branch-rate="1" complexity="1">
              <lines>
                <line number="9" hits="0" branch="False" />
                <line number="11" hits="0" branch="False" />
                <line number="12" hits="0" branch="False" />
                <line number="13" hits="0" branch="False" />
                <line number="14" hits="0" branch="False" />
              </lines>
            </method>
          </methods>
          <lines>
            <line number="5" hits="0" branch="False" />
            <line number="6" hits="0" branch="False" />
            <line number="7" hits="0" branch="False" />
            <line number="20" hits="0" branch="False" />
            <line number="26" hits="0" branch="False" />
            <line number="9" hits="0" branch="False" />
            <line number="11" hits="0" branch="False" />
            <line number="12" hits="0" branch="False" />
            <line number="13" hits="0" branch="False" />
            <line number="14" hits="0" branch="False" />
          </lines>
        </class>
        <class name="AwesomeBank.Infrastructure.Repositories.AccountRepository" filename="AwesomeBank.Infrastructure\Repositories\AccountRepository.cs" line-rate="0" branch-rate="1" complexity="1">
          <methods>
            <method name=".ctor" signature="()" line-rate="0" branch-rate="1" complexity="1">
              <lines>
                <line number="5" hits="0" branch="False" />
                <line number="7" hits="0" branch="False" />
              </lines>
            </method>
          </methods>
          <lines>
            <line number="5" hits="0" branch="False" />
            <line number="7" hits="0" branch="False" />
          </lines>
        </class>
        <class name="AwesomeBank.Infrastructure.Repositories.InMemoryRepository`1" filename="AwesomeBank.Infrastructure\Repositories\InMemoryRepository.cs" line-rate="0" branch-rate="0" complexity="18">
          <methods>
            <method name="GetAll" signature="()" line-rate="0" branch-rate="1" complexity="1">
              <lines>
                <line number="15" hits="0" branch="False" />
              </lines>
            </method>
            <method name="FirstOrDefault" signature="(System.Linq.Expressions.Expression`1&lt;System.Func`2&lt;T,System.Boolean&gt;&gt;)" line-rate="0" branch-rate="1" complexity="1">
              <lines>
                <line number="20" hits="0" branch="False" />
              </lines>
            </method>
            <method name="FirstOrDefaultWithIncludes" signature="(System.Linq.Expressions.Expression`1&lt;System.Func`2&lt;T,System.Boolean&gt;&gt;,System.Linq.Expressions.Expression`1&lt;System.Func`2&lt;T,System.Object&gt;&gt;[])" line-rate="0" branch-rate="0" complexity="4">
              <lines>
                <line number="25" hits="0" branch="False" />
                <line number="28" hits="0" branch="True" condition-coverage="0% (0/2)">
                  <conditions>
                    <condition number="91" type="jump" coverage="0%" />
                  </conditions>
                </line>
                <line number="30" hits="0" branch="True" condition-coverage="0% (0/2)">
                  <conditions>
                    <condition number="67" type="jump" coverage="0%" />
                  </conditions>
                </line>
                <line number="32" hits="0" branch="False" />
                <line number="36" hits="0" branch="False" />
              </lines>
            </method>
            <method name="Add" signature="(T)" line-rate="0" branch-rate="0" complexity="2">
              <lines>
                <line number="41" hits="0" branch="False" />
                <line number="42" hits="0" branch="True" condition-coverage="0% (0/2)">
                  <conditions>
                    <condition number="19" type="jump" coverage="0%" />
                  </conditions>
                </line>
                <line number="43" hits="0" branch="False" />
                <line number="44" hits="0" branch="False" />
              </lines>
            </method>
            <method name="Update" signature="(T)" line-rate="0" branch-rate="0" complexity="4">
              <lines>
                <line number="48" hits="0" branch="False" />
                <line number="49" hits="0" branch="True" condition-coverage="0% (0/2)">
                  <conditions>
                    <condition number="19" type="jump" coverage="0%" />
                  </conditions>
                </line>
                <line number="50" hits="0" branch="True" condition-coverage="0% (0/2)">
                  <conditions>
                    <condition number="44" type="jump" coverage="0%" />
                  </conditions>
                </line>
                <line number="52" hits="0" branch="False" />
                <line number="56" hits="0" branch="False" />
              </lines>
            </method>
            <method name="Remove" signature="(T)" line-rate="0" branch-rate="0" complexity="4">
              <lines>
                <line number="62" hits="0" branch="False" />
                <line number="63" hits="0" branch="True" condition-coverage="0% (0/2)">
                  <conditions>
                    <condition number="19" type="jump" coverage="0%" />
                  </conditions>
                </line>
                <line number="65" hits="0" branch="True" condition-coverage="0% (0/2)">
                  <conditions>
                    <condition number="44" type="jump" coverage="0%" />
                  </conditions>
                </line>
                <line number="67" hits="0" branch="False" />
                <line number="71" hits="0" branch="False" />
              </lines>
            </method>
            <method name=".ctor" signature="(System.Func`2&lt;T,System.String&gt;)" line-rate="0" branch-rate="0" complexity="2">
              <lines>
                <line number="5" hits="0" branch="False" />
                <line number="8" hits="0" branch="False" />
                <line number="10" hits="0" branch="True" condition-coverage="0% (0/2)">
                  <conditions>
                    <condition number="20" type="jump" coverage="0%" />
                  </conditions>
                </line>
                <line number="11" hits="0" branch="False" />
              </lines>
            </method>
          </methods>
          <lines>
            <line number="15" hits="0" branch="False" />
            <line number="20" hits="0" branch="False" />
            <line number="25" hits="0" branch="False" />
            <line number="28" hits="0" branch="True" condition-coverage="0% (0/2)">
              <conditions>
                <condition number="91" type="jump" coverage="0%" />
              </conditions>
            </line>
            <line number="30" hits="0" branch="True" condition-coverage="0% (0/2)">
              <conditions>
                <condition number="67" type="jump" coverage="0%" />
              </conditions>
            </line>
            <line number="32" hits="0" branch="False" />
            <line number="36" hits="0" branch="False" />
            <line number="41" hits="0" branch="False" />
            <line number="42" hits="0" branch="True" condition-coverage="0% (0/2)">
              <conditions>
                <condition number="19" type="jump" coverage="0%" />
              </conditions>
            </line>
            <line number="43" hits="0" branch="False" />
            <line number="44" hits="0" branch="False" />
            <line number="48" hits="0" branch="False" />
            <line number="49" hits="0" branch="True" condition-coverage="0% (0/2)">
              <conditions>
                <condition number="19" type="jump" coverage="0%" />
              </conditions>
            </line>
            <line number="50" hits="0" branch="True" condition-coverage="0% (0/2)">
              <conditions>
                <condition number="44" type="jump" coverage="0%" />
              </conditions>
            </line>
            <line number="52" hits="0" branch="False" />
            <line number="56" hits="0" branch="False" />
            <line number="62" hits="0" branch="False" />
            <line number="63" hits="0" branch="True" condition-coverage="0% (0/2)">
              <conditions>
                <condition number="19" type="jump" coverage="0%" />
              </conditions>
            </line>
            <line number="65" hits="0" branch="True" condition-coverage="0% (0/2)">
              <conditions>
                <condition number="44" type="jump" coverage="0%" />
              </conditions>
            </line>
            <line number="67" hits="0" branch="False" />
            <line number="71" hits="0" branch="False" />
            <line number="5" hits="0" branch="False" />
            <line number="8" hits="0" branch="False" />
            <line number="10" hits="0" branch="True" condition-coverage="0% (0/2)">
              <conditions>
                <condition number="20" type="jump" coverage="0%" />
              </conditions>
            </line>
            <line number="11" hits="0" branch="False" />
          </lines>
        </class>
        <class name="AwesomeBank.Infrastructure.Repositories.InterestRuleRepository" filename="AwesomeBank.Infrastructure\Repositories\InterestRuleRepository.cs" line-rate="0" branch-rate="1" complexity="1">
          <methods>
            <method name=".ctor" signature="()" line-rate="0" branch-rate="1" complexity="1">
              <lines>
                <line number="5" hits="0" branch="False" />
                <line number="7" hits="0" branch="False" />
              </lines>
            </method>
          </methods>
          <lines>
            <line number="5" hits="0" branch="False" />
            <line number="7" hits="0" branch="False" />
          </lines>
        </class>
        <class name="AwesomeBank.Infrastructure.Repositories.TransactionRepository" filename="AwesomeBank.Infrastructure\Repositories\TransactionRepository.cs" line-rate="0" branch-rate="1" complexity="1">
          <methods>
            <method name=".ctor" signature="()" line-rate="0" branch-rate="1" complexity="1">
              <lines>
                <line number="5" hits="0" branch="False" />
                <line number="7" hits="0" branch="False" />
              </lines>
            </method>
          </methods>
          <lines>
            <line number="5" hits="0" branch="False" />
            <line number="7" hits="0" branch="False" />
          </lines>
        </class>
      </classes>
    </package>
  </packages>
</coverage>